C51 COMPILER V9.60.0.0   DOWNLOAD                                                          07/31/2022 23:31:41 PAGE 1   


C51 COMPILER V9.60.0.0, COMPILATION OF MODULE DOWNLOAD
OBJECT MODULE PLACED IN ..\Output\Download.obj
COMPILER INVOKED BY: D:\Keil\C51\BIN\C51.EXE ..\Source\Application\Download.c OPTIMIZE(9,SPEED) BROWSE INCDIR(..\Source\
                    -Application;..\Source\Device_Driver;..\Source\System;D:\Keil\C51\INC\STC) DEBUG OBJECTEXTEND PRINT(.\Listings\Download.l
                    -st) TABS(2) OBJECT(..\Output\Download.obj)

line level    source

   1          /******************************************************************************/
   2          // 包含头文件
   3          /******************************************************************************/
   4          #include "config.h"
   5          #include "Download.h"
   6          
   7          //uint8 xdata uart_ser_n=0;//计数变量
   8          
   9          /*void uart_ser()   // interrupt INTERRUPT_UART_Rx_Tx
  10          { 
  11              if(RI)
  12              {
  13                  RI=0;        //清空接收标志位
  14                  if(SBUF==0x7f)  //STC下载指令0X7F
  15                  { 
  16                      uart_ser_n++;   //判断位自加
  17                      if(uart_ser_n==10) //如果收到10次0X7F
  18                      {
  19                          uart_ser_n=0;   //判断位清0
  20                          ISP_CONTR=0x60;//复位命令  
  21                      }
  22                  }
  23                  else
  24                  {
  25                      uart_ser_n=0; 
  26                  }
  27              }
  28              if(TI)
  29              {
  30                  TI=0;
  31              }
  32          } 
  33          */
  34          /*
  35          void UartInit(void)   //9600bps@11.0592MHz
  36          {
  37            PCON |= 0x80;   //使能波特率倍速位SMOD
  38            SCON = 0x50;    //8位数据,可变波特率
  39            AUXR &= 0xBF;   //定时器时钟12T模式
  40            AUXR &= 0xFE;   //串口1选择定时器1为波特率发生器
  41            TMOD &= 0x0F;   //设置定时器模式
  42            TMOD |= 0x20;   //设置定时器模式
  43            TL1 = 0xFA;   //设置定时初始值
  44            TH1 = 0xFA;   //设置定时重载值
  45            ET1 = 0;    //禁止定时器1中断
  46            TR1 = 1;    //定时器1开始计时
  47            ES = 1;    //启用串口中断
  48          }
  49          */
  50          
  51          /*
  52          void UartInit(void)   //115200bps@11.0592MHz
  53          {
C51 COMPILER V9.60.0.0   DOWNLOAD                                                          07/31/2022 23:31:41 PAGE 2   

  54            PCON |= 0x80;   //使能波特率倍速位SMOD
  55            SCON = 0x50;    //8位数据,可变波特率
  56            AUXR &= 0xBF;   //定时器时钟12T模式
  57            AUXR &= 0xFE;   //串口1选择定时器1为波特率发生器
  58            TMOD &= 0x0F;   //设置定时器模式
  59            TMOD |= 0x20;   //设置定时器模式
  60            TL1 = 0xFF;   //设置定时初始值
  61            TH1 = 0xFF;   //设置定时重载值
  62            ET1 = 0;    //禁止定时器1中断
  63            TR1 = 1;    //定时器1开始计时
  64            ES = 1;    //启用串口中断
  65          }
  66          */


MODULE INFORMATION:   STATIC OVERLAYABLE
   CODE SIZE        =   ----    ----
   CONSTANT SIZE    =   ----    ----
   XDATA SIZE       =   ----    ----
   PDATA SIZE       =   ----    ----
   DATA SIZE        =   ----    ----
   IDATA SIZE       =   ----    ----
   BIT SIZE         =   ----    ----
END OF MODULE INFORMATION.


C51 COMPILATION COMPLETE.  0 WARNING(S),  0 ERROR(S)
