C51 COMPILER V9.60.0.0   MAIN                                                              08/04/2022 10:36:40 PAGE 1   


C51 COMPILER V9.60.0.0, COMPILATION OF MODULE MAIN
OBJECT MODULE PLACED IN ..\Output\Main.obj
COMPILER INVOKED BY: D:\Keil\C51\BIN\C51.EXE ..\Source\System\Main.c OPTIMIZE(9,SPEED) BROWSE INCDIR(..\Source\Applicati
                    -on;..\Source\Device_Driver;..\Source\System;D:\Keil\C51\INC\STC) DEBUG OBJECTEXTEND PRINT(.\Listings\Main.lst) TABS(2) O
                    -BJECT(..\Output\Main.obj)

line level    source

   1          /******************************************************************************/
   2          // 包含头文件
   3          /******************************************************************************/
   4          #include "Config.h"
   5          #include "LCD1602.h"
   6          #include "LCD1602_Clock.h"
   7          #include "LCD1602_Menu.h"
   8          #include "LCD1602_Show.h"
   9          #include "Timer.h"
  10          #include "hSch51.h"
  11          #include "Download.h"
  12          #include "Relay.h"
  13          #include "EEPROM.h"
  14          #include "EEPROM_Application.h"
  15          #include "EC11.h"
  16          #include "Buzzer.h"
  17          #include "UART.h"
  18          #include "ESP8266.h"
  19          
  20          /******************************************************************************/
  21          // 定义变量
  22          /******************************************************************************/
  23          
  24          
  25          /******************************************************************************/
  26          // main函数
  27          /******************************************************************************/
  28          int main(void)
  29          { 
  30   1        /*初始化函数*/  
  31   1        
  32   1        P4SW = 0x20;   // 0010 0000
  33   1        P4M1=0xDF;  // 1101 1111
  34   1        P4M0=0x20;  // 0010 0000
  35   1        
  36   1        EEPROM_Read_Sector_1();
  37   1        Lcd1602_Init();
  38   1        EC11_Init();
  39   1        Timer1Init();
  40   1        Buzzer_Init();
  41   1        UartInit();  //初始化选择独立波特率发生器,启用串口中断
  42   1        
  43   1        hSCH_Start(); // 启动调度程序（开启总中断）
  44   1        
  45   1        Esp8266_STA_AP_Mode();  
  46   1        
  47   1        Lcd1602_Write_Cmd(0x01);//显示清屏
  48   1        
  49   1        hSCH_Init_T0(); //设置调度程序,初始化调度器，设置定时器0
  50   1                        //为16位手动重装模式，定时1ms作为调度器时标
  51   1        
  52   1        hSCH_Pause();  //禁用用作为调度器时基的T2中断
  53   1        
C51 COMPILER V9.60.0.0   MAIN                                                              08/04/2022 10:36:40 PAGE 2   

  54   1        
  55   1        /*添加调度器任务*/
  56   1        hSCH_Add_Task(EC11_Scan,  0, 5 ,0);
  57   1        
  58   1        hSCH_Add_Task(LCD1602_Show_Update,  5, 100 ,1);
  59   1        hSCH_Add_Task(LCD1602_Time_Update, 40, 991 ,0);
  60   1      
  61   1        hSCH_Add_Task(Task_Input_Update,   51, 49 ,0);
  62   1        hSCH_Add_Task(Task1_Output_Update, 52, 49 ,0);
  63   1        hSCH_Add_Task(Task2_Output_Update, 53, 49 ,0);
  64   1        hSCH_Add_Task(Task3_Output_Update, 54, 49 ,0);
  65   1        
  66   1        hSCH_Add_Task(Task4_Output_Update, 55, 49 ,0);
  67   1        hSCH_Add_Task(Task5_Output_Update, 56, 49 ,0);
  68   1        hSCH_Add_Task(Task6_Output_Update, 57, 49 ,0);
  69   1      
  70   1      //  hSCH_Add_Task(Buzzer_Open,  55, 500 ,1);
  71   1        
  72   1        hSCH_Run();  //启用作为调度器时基的T2中断
  73   1        
  74   1        
  75   1        
  76   1        /*主循环*/
  77   1        while(1)
  78   1        {
  79   2          hSCH_Dispatch_Tasks();
  80   2        }
  81   1      }


MODULE INFORMATION:   STATIC OVERLAYABLE
   CODE SIZE        =    215    ----
   CONSTANT SIZE    =   ----    ----
   XDATA SIZE       =   ----    ----
   PDATA SIZE       =   ----    ----
   DATA SIZE        =   ----    ----
   IDATA SIZE       =   ----    ----
   BIT SIZE         =   ----    ----
END OF MODULE INFORMATION.


C51 COMPILATION COMPLETE.  0 WARNING(S),  0 ERROR(S)
