C51 COMPILER V9.60.0.0   UART                                                              07/31/2022 23:33:19 PAGE 1   


C51 COMPILER V9.60.0.0, COMPILATION OF MODULE UART
OBJECT MODULE PLACED IN ..\Output\UART.obj
COMPILER INVOKED BY: D:\Keil\C51\BIN\C51.EXE ..\Source\Application\UART.c OPTIMIZE(9,SPEED) BROWSE INCDIR(..\Source\Appl
                    -ication;..\Source\Device_Driver;..\Source\System;D:\Keil\C51\INC\STC) DEBUG OBJECTEXTEND PRINT(.\Listings\UART.lst) TABS
                    -(2) OBJECT(..\Output\UART.obj)

line level    source

   1          /******************************************************************************/
   2          // 包含头文件
   3          /******************************************************************************/
   4          #include "Config.h"
   5          #include "UART.h"
   6          
   7          /******************************************************************************/
   8          // 函数名称：UartInit 
   9          // 输入参数：无
  10          // 输出参数：无 
  11          // 函数功能：串口初始化
  12          /******************************************************************************/
  13          /*
  14          void UartInit(void)   //9600bps@11.0592MHz
  15          {
  16            PCON |= 0x80;   //使能波特率倍速位SMOD
  17            SCON = 0x50;    //8位数据,可变波特率
  18            AUXR &= 0xBF;   //定时器时钟12T模式
  19            AUXR &= 0xFE;   //串口1选择定时器1为波特率发生器
  20            TMOD &= 0x0F;   //设置定时器模式
  21            TMOD |= 0x20;   //设置定时器模式
  22            TL1 = 0xFA;   //设置定时初始值
  23            TH1 = 0xFA;   //设置定时重载值
  24            ET1 = 0;    //禁止定时器1中断
  25            TR1 = 1;    //定时器1开始计时
  26            ES = 1;    //启用串口中断
  27          }
  28          */
  29          void UartInit(void)   //4800bps@11.0592MHz
  30          {
  31   1        PCON |= 0x80;   //使能波特率倍速位SMOD
  32   1        SCON = 0x50;    //8位数据,可变波特率
  33   1        AUXR |= 0x04;   //定时器时钟1T模式
  34   1        BRT = 0x70;   //设置定时重载值
  35   1        AUXR |= 0x01;   //串口1使用独立波特率发射器为波特率发生器
  36   1        AUXR |= 0x10;   //启动独立波特率发射器
  37   1        
  38   1        ES = 1;    //启用串口中断
  39   1      }
  40          
  41          
  42          /******************************************************************************/
  43          // 函数名称：Uart_Send_Char 
  44          // 输入参数：uartData - 发送数据
  45          // 输出参数：无 
  46          // 函数功能：串口发送一个字符
  47          /******************************************************************************/
  48          void Uart_Send_Char(uint8 uartData){
  49   1        ES = 0;
  50   1        TI = 0;
  51   1        SBUF = uartData;
  52   1        while(!TI);
  53   1        TI = 0;
C51 COMPILER V9.60.0.0   UART                                                              07/31/2022 23:33:19 PAGE 2   

  54   1        ES = 1;
  55   1      }
  56          
  57          
  58          /******************************************************************************/
  59          // 函数名称：Uart_Send_String 
  60          // 输入参数：str - 发送字符串
  61          // 输出参数：无 
  62          // 函数功能：串口发送字符串
  63          /******************************************************************************/
  64          void Uart_Send_String(uint8 *str){
  65   1        while(*str){
  66   2          Uart_Send_Char(*str);
  67   2          str++;
  68   2        }
  69   1      }


MODULE INFORMATION:   STATIC OVERLAYABLE
   CODE SIZE        =     54    ----
   CONSTANT SIZE    =   ----    ----
   XDATA SIZE       =   ----    ----
   PDATA SIZE       =   ----    ----
   DATA SIZE        =   ----    ----
   IDATA SIZE       =   ----    ----
   BIT SIZE         =   ----    ----
END OF MODULE INFORMATION.


C51 COMPILATION COMPLETE.  0 WARNING(S),  0 ERROR(S)
